Arguments: 
  C:\Program Files (x86)\nodejs\node.exe C:\Users\HARSH\AppData\Roaming\npm\node_modules\yarn\bin\yarn.js install

PATH: 
  C:\Users\HARSH\bin;C:\Program Files\Git\mingw64\bin;C:\Program Files\Git\usr\local\bin;C:\Program Files\Git\usr\bin;C:\Program Files\Git\usr\bin;C:\Program Files\Git\mingw64\bin;C:\Program Files\Git\usr\bin;C:\Users\HARSH\bin;C:\Program Files\Common Files\Oracle\Java\javapath;C:\Windows\system32;C:\Windows;C:\Windows\System32\Wbem;C:\Windows\System32\WindowsPowerShell\v1.0;C:\Windows\System32\OpenSSH;C:\Program Files\Git\cmd;C:\Program Files (x86)\nodejs;C:\Users\HARSH\AppData\Local\Microsoft\WindowsApps;C:\Users\HARSH\AppData\Local\Programs\Microsoft VS Code\bin;C:\Users\HARSH\AppData\Roaming\npm;C:\Python27;C:\MinGW\bin;C:\Program Files\MongoDB\Server\5.0\bin;C:\Program Files\Git\usr\bin\vendor_perl;C:\Program Files\Git\usr\bin\core_perl

Yarn version: 
  1.22.15

Node version: 
  14.18.1

Platform: 
  win32 ia32

Trace: 
  Error: https://registry.yarnpkg.com/react-native/-/react-native-0.64.2.tgz: ESOCKETTIMEDOUT
      at ClientRequest.<anonymous> (C:\Users\HARSH\AppData\Roaming\npm\node_modules\yarn\lib\cli.js:141512:19)
      at Object.onceWrapper (events.js:519:28)
      at ClientRequest.emit (events.js:400:28)
      at TLSSocket.emitRequestTimeout (_http_client.js:790:9)
      at Object.onceWrapper (events.js:519:28)
      at TLSSocket.emit (events.js:412:35)
      at TLSSocket.Socket._onTimeout (net.js:495:8)
      at listOnTimeout (internal/timers.js:557:17)
      at processTimers (internal/timers.js:500:7)

npm manifest: 
  {
    "scripts": {
      "start": "react-native start",
      "android": "react-native run-android",
      "ios": "react-native run-ios",
      "web": "expo start --web",
      "eject": "expo eject"
    },
    "dependencies": {
      "expo": "~43.0.0",
      "expo-status-bar": "~1.1.0",
      "react": "17.0.1",
      "react-dom": "17.0.1",
      "react-native": "0.64.2",
      "react-native-web": "0.17.1",
      "expo-notifications": "~0.13.3",
      "expo-splash-screen": "~0.13.3",
      "expo-updates": "~0.10.5",
      "react-native-gesture-handler": "~1.10.2",
      "react-native-reanimated": "~2.2.0",
      "react-native-safe-area-context": "3.3.2",
      "react-native-screens": "~3.8.0"
    },
    "devDependencies": {
      "@babel/core": "^7.12.9"
    },
    "private": true,
    "name": "push-notification",
    "version": "1.0.0"
  }

yarn manifest: 
  No manifest

Lockfile: 
  No lockfile
